<?xml version="1.0" encoding="UTF-8"?>
<!-- Generated by org.testng.reporters.JUnitReportReporter -->
<testsuite hostname="TechAviator-PC" name="Scenario_Component.Scenario_Search" tests="1" failures="0" timestamp="10 Dec 2016 00:11:04 GMT" time="41.609" errors="0">
  <testcase name="testInvalidSearch" time="41.609" classname="Scenario_Component.Scenario_Search"/>
</testsuite> <!-- Scenario_Component.Scenario_Search -->
